2024-06-13 13:27:42,209 DEBUG    root            Loaded Command Group: ['gcloud', 'components']
2024-06-13 13:27:42,212 DEBUG    root            Loaded Command Group: ['gcloud', 'components', 'update']
2024-06-13 13:27:42,214 DEBUG    root            Running [gcloud.components.update] with arguments: [--quiet: "True", COMPONENT-IDS:8: "['gcloud', 'core', 'bq', 'gsutil', 'compute', 'preview', 'alpha', 'beta']"]
2024-06-13 13:27:42,215 INFO     ___FILE_ONLY___ Beginning update. This process may take several minutes.

2024-06-13 13:27:42,223 DEBUG    urllib3.connectionpool Starting new HTTPS connection (1): dl.google.com:443
2024-06-13 13:27:42,358 DEBUG    urllib3.connectionpool https://dl.google.com:443 "GET /dl/cloudsdk/channels/rapid/components-2.json HTTP/1.1" 200 222658
2024-06-13 13:27:42,376 WARNING  root            Component [compute] no longer exists.
2024-06-13 13:27:42,377 WARNING  root            Component [preview] no longer exists.
2024-06-13 13:27:42,378 INFO     ___FILE_ONLY___ 

2024-06-13 13:27:42,378 INFO     ___FILE_ONLY___ 
Your current Google Cloud CLI version is: 480.0.0

2024-06-13 13:27:42,378 INFO     ___FILE_ONLY___ Installing components from version: 480.0.0

2024-06-13 13:27:42,378 INFO     ___FILE_ONLY___ 

2024-06-13 13:27:42,379 DEBUG    root            Chosen display Format:table[box,title="These components will be removed."](details.display_name:label=Name:align=left,version.version_string:label=Version:align=right,data.size.size(zero="",min=1048576):label=Size:align=right)
2024-06-13 13:27:42,379 DEBUG    root            Chosen display Format:table[box,title="These components will be updated."](details.display_name:label=Name:align=left,version.version_string:label=Version:align=right,data.size.size(zero="",min=1048576):label=Size:align=right)
2024-06-13 13:27:42,380 DEBUG    root            Chosen display Format:table[box,title="These components will be installed."](details.display_name:label=Name:align=left,version.version_string:label=Version:align=right,data.size.size(zero="",min=1048576):label=Size:align=right)
2024-06-13 13:27:42,415 INFO     ___FILE_ONLY___ ┌──────────────────────────────────────────────┐
2024-06-13 13:27:42,416 INFO     ___FILE_ONLY___ 

2024-06-13 13:27:42,416 INFO     ___FILE_ONLY___ │     These components will be installed.      │
2024-06-13 13:27:42,416 INFO     ___FILE_ONLY___ 

2024-06-13 13:27:42,416 INFO     ___FILE_ONLY___ ├───────────────────────┬────────────┬─────────┤
2024-06-13 13:27:42,416 INFO     ___FILE_ONLY___ 

2024-06-13 13:27:42,416 INFO     ___FILE_ONLY___ │          Name         │  Version   │   Size  │
2024-06-13 13:27:42,416 INFO     ___FILE_ONLY___ 

2024-06-13 13:27:42,416 INFO     ___FILE_ONLY___ ├───────────────────────┼────────────┼─────────┤
2024-06-13 13:27:42,416 INFO     ___FILE_ONLY___ 

2024-06-13 13:27:42,416 INFO     ___FILE_ONLY___ │ 
2024-06-13 13:27:42,416 INFO     ___FILE_ONLY___ gcloud Alpha Commands
2024-06-13 13:27:42,417 INFO     ___FILE_ONLY___  
2024-06-13 13:27:42,417 INFO     ___FILE_ONLY___ │ 
2024-06-13 13:27:42,417 INFO     ___FILE_ONLY___ 2024.06.07
2024-06-13 13:27:42,417 INFO     ___FILE_ONLY___  
2024-06-13 13:27:42,417 INFO     ___FILE_ONLY___ │ 
2024-06-13 13:27:42,417 INFO     ___FILE_ONLY___ < 1 MiB
2024-06-13 13:27:42,417 INFO     ___FILE_ONLY___  
2024-06-13 13:27:42,417 INFO     ___FILE_ONLY___ │
2024-06-13 13:27:42,417 INFO     ___FILE_ONLY___ 

2024-06-13 13:27:42,417 INFO     ___FILE_ONLY___ │ 
2024-06-13 13:27:42,418 INFO     ___FILE_ONLY___ gcloud Beta Commands 
2024-06-13 13:27:42,418 INFO     ___FILE_ONLY___  
2024-06-13 13:27:42,418 INFO     ___FILE_ONLY___ │ 
2024-06-13 13:27:42,418 INFO     ___FILE_ONLY___ 2024.06.07
2024-06-13 13:27:42,418 INFO     ___FILE_ONLY___  
2024-06-13 13:27:42,418 INFO     ___FILE_ONLY___ │ 
2024-06-13 13:27:42,418 INFO     ___FILE_ONLY___ < 1 MiB
2024-06-13 13:27:42,418 INFO     ___FILE_ONLY___  
2024-06-13 13:27:42,418 INFO     ___FILE_ONLY___ │
2024-06-13 13:27:42,418 INFO     ___FILE_ONLY___ 

2024-06-13 13:27:42,418 INFO     ___FILE_ONLY___ └───────────────────────┴────────────┴─────────┘
2024-06-13 13:27:42,418 INFO     ___FILE_ONLY___ 

2024-06-13 13:27:42,419 INFO     ___FILE_ONLY___ 

2024-06-13 13:27:42,423 DEBUG    urllib3.connectionpool Starting new HTTPS connection (1): dl.google.com:443
2024-06-13 13:27:42,560 DEBUG    urllib3.connectionpool https://dl.google.com:443 "GET /dl/cloudsdk/channels/rapid/RELEASE_NOTES HTTP/1.1" 200 1228039
2024-06-13 13:27:42,596 INFO     ___FILE_ONLY___ For the latest full release notes, please visit:
  https://cloud.google.com/sdk/release_notes


2024-06-13 13:27:42,598 INFO     ___FILE_ONLY___ ╔════════════════════════════════════════════════════════════╗

2024-06-13 13:27:42,598 INFO     ___FILE_ONLY___ ╠═ Creating update staging area                             ═╣

2024-06-13 13:27:42,598 INFO     ___FILE_ONLY___ ╚
2024-06-13 13:27:42,598 INFO     ___FILE_ONLY___ ══════
2024-06-13 13:27:43,247 INFO     ___FILE_ONLY___ ══════
2024-06-13 13:27:43,247 INFO     ___FILE_ONLY___ ══════
2024-06-13 13:27:43,614 INFO     ___FILE_ONLY___ ═
2024-06-13 13:27:43,675 INFO     ___FILE_ONLY___ ═
2024-06-13 13:27:43,746 INFO     ___FILE_ONLY___ ═
2024-06-13 13:27:43,809 INFO     ___FILE_ONLY___ ═
2024-06-13 13:27:43,874 INFO     ___FILE_ONLY___ ═
2024-06-13 13:27:43,935 INFO     ___FILE_ONLY___ ═
2024-06-13 13:27:44,013 INFO     ___FILE_ONLY___ ═
2024-06-13 13:27:44,061 INFO     ___FILE_ONLY___ ═
2024-06-13 13:27:44,356 INFO     ___FILE_ONLY___ ═
2024-06-13 13:27:44,408 INFO     ___FILE_ONLY___ ═
2024-06-13 13:27:44,455 INFO     ___FILE_ONLY___ ═
2024-06-13 13:27:44,506 INFO     ___FILE_ONLY___ ═
2024-06-13 13:27:44,573 INFO     ___FILE_ONLY___ ═
2024-06-13 13:27:44,633 INFO     ___FILE_ONLY___ ═
2024-06-13 13:27:44,693 INFO     ___FILE_ONLY___ ═
2024-06-13 13:27:44,766 INFO     ___FILE_ONLY___ ═
2024-06-13 13:27:44,832 INFO     ___FILE_ONLY___ ═
2024-06-13 13:27:44,889 INFO     ___FILE_ONLY___ ═
2024-06-13 13:27:44,944 INFO     ___FILE_ONLY___ ═
2024-06-13 13:27:44,995 INFO     ___FILE_ONLY___ ═
2024-06-13 13:27:45,063 INFO     ___FILE_ONLY___ ═
2024-06-13 13:27:45,142 INFO     ___FILE_ONLY___ ═
2024-06-13 13:27:45,201 INFO     ___FILE_ONLY___ ═
2024-06-13 13:27:45,273 INFO     ___FILE_ONLY___ ═
2024-06-13 13:27:45,364 INFO     ___FILE_ONLY___ ═
2024-06-13 13:27:45,433 INFO     ___FILE_ONLY___ ═
2024-06-13 13:27:45,625 INFO     ___FILE_ONLY___ ═
2024-06-13 13:27:45,693 INFO     ___FILE_ONLY___ ═
2024-06-13 13:27:45,745 INFO     ___FILE_ONLY___ ═
2024-06-13 13:27:45,783 INFO     ___FILE_ONLY___ ═
2024-06-13 13:27:45,821 INFO     ___FILE_ONLY___ ═
2024-06-13 13:27:45,860 INFO     ___FILE_ONLY___ ═
2024-06-13 13:27:45,906 INFO     ___FILE_ONLY___ ═
2024-06-13 13:27:45,947 INFO     ___FILE_ONLY___ ═
2024-06-13 13:27:46,022 INFO     ___FILE_ONLY___ ═
2024-06-13 13:27:46,244 INFO     ___FILE_ONLY___ ═
2024-06-13 13:27:46,395 INFO     ___FILE_ONLY___ ═
2024-06-13 13:27:46,490 INFO     ___FILE_ONLY___ ═
2024-06-13 13:27:46,555 INFO     ___FILE_ONLY___ ═
2024-06-13 13:27:46,609 INFO     ___FILE_ONLY___ ═
2024-06-13 13:27:46,670 INFO     ___FILE_ONLY___ ═
2024-06-13 13:27:46,725 INFO     ___FILE_ONLY___ ═
2024-06-13 13:27:46,725 INFO     ___FILE_ONLY___ ╝

2024-06-13 13:27:49,567 INFO     ___FILE_ONLY___ ╔════════════════════════════════════════════════════════════╗

2024-06-13 13:27:49,567 INFO     ___FILE_ONLY___ ╠═ Installing: gcloud Alpha Commands                        ═╣

2024-06-13 13:27:49,567 INFO     ___FILE_ONLY___ ╚
2024-06-13 13:27:49,571 DEBUG    urllib3.connectionpool Starting new HTTPS connection (1): dl.google.com:443
2024-06-13 13:27:49,700 DEBUG    urllib3.connectionpool https://dl.google.com:443 "GET /dl/cloudsdk/channels/rapid/components/google-cloud-sdk-alpha-20240607152945.tar.gz HTTP/1.1" 200 800
2024-06-13 13:27:49,700 INFO     ___FILE_ONLY___ ══════════════════════════════
2024-06-13 13:27:49,702 INFO     ___FILE_ONLY___ ══════════════════════════════
2024-06-13 13:27:49,702 INFO     ___FILE_ONLY___ ╝

2024-06-13 13:27:49,709 INFO     ___FILE_ONLY___ ╔════════════════════════════════════════════════════════════╗

2024-06-13 13:27:49,710 INFO     ___FILE_ONLY___ ╠═ Installing: gcloud Beta Commands                         ═╣

2024-06-13 13:27:49,710 INFO     ___FILE_ONLY___ ╚
2024-06-13 13:27:49,713 DEBUG    urllib3.connectionpool Starting new HTTPS connection (1): dl.google.com:443
2024-06-13 13:27:49,847 DEBUG    urllib3.connectionpool https://dl.google.com:443 "GET /dl/cloudsdk/channels/rapid/components/google-cloud-sdk-beta-20240607152945.tar.gz HTTP/1.1" 200 797
2024-06-13 13:27:49,848 INFO     ___FILE_ONLY___ ══════════════════════════════
2024-06-13 13:27:49,849 INFO     ___FILE_ONLY___ ══════════════════════════════
2024-06-13 13:27:49,849 INFO     ___FILE_ONLY___ ╝

2024-06-13 13:27:49,856 INFO     ___FILE_ONLY___ ╔════════════════════════════════════════════════════════════╗

2024-06-13 13:27:49,857 INFO     ___FILE_ONLY___ ╠═ Creating backup and activating new installation          ═╣

2024-06-13 13:27:49,857 INFO     ___FILE_ONLY___ ╚
2024-06-13 13:27:49,857 DEBUG    root            Attempting to move directory [/tools/google-cloud-sdk] to [/tools/google-cloud-sdk.staging/.install/.backup]
2024-06-13 13:27:49,857 INFO     ___FILE_ONLY___ ══════════════════════════════
2024-06-13 13:27:49,857 DEBUG    root            Attempting to move directory [/tools/google-cloud-sdk.staging] to [/tools/google-cloud-sdk]
2024-06-13 13:27:49,857 INFO     ___FILE_ONLY___ ══════════════════════════════
2024-06-13 13:27:49,857 INFO     ___FILE_ONLY___ ╝

2024-06-13 13:27:49,861 DEBUG    root            Updating notification cache...
2024-06-13 13:27:49,861 INFO     ___FILE_ONLY___ 

2024-06-13 13:27:49,863 INFO     ___FILE_ONLY___ Performing post processing steps...
2024-06-13 13:27:49,864 DEBUG    root            Executing command: ['/tools/google-cloud-sdk/bin/gcloud', 'components', 'post-process']
2024-06-13 13:28:00,036 DEBUG    ___FILE_ONLY___ 
2024-06-13 13:28:00,036 DEBUG    ___FILE_ONLY___ 
2024-06-13 13:28:00,128 INFO     ___FILE_ONLY___ 
Update done!


2024-06-13 13:28:00,131 DEBUG    root            Chosen display Format:none
2024-06-13 13:28:00,131 INFO     root            Display format: "none"
